c:\users\evan\documents\repos\cop3003proj\debug\vc142.pdb
c:\users\evan\documents\repos\cop3003proj\debug\vc142.idb
c:\users\evan\documents\repos\cop3003proj\debug\tictactoe.nativecodeanalysis.sarif
c:\users\evan\documents\repos\cop3003proj\debug\tictactoe.nativecodeanalysis.xml
c:\users\evan\documents\repos\cop3003proj\debug\rockpaperscissors.nativecodeanalysis.sarif
c:\users\evan\documents\repos\cop3003proj\debug\rockpaperscissors.nativecodeanalysis.xml
c:\users\evan\documents\repos\cop3003proj\debug\menu.nativecodeanalysis.sarif
c:\users\evan\documents\repos\cop3003proj\debug\menu.nativecodeanalysis.xml
c:\users\evan\documents\repos\cop3003proj\debug\main.nativecodeanalysis.sarif
c:\users\evan\documents\repos\cop3003proj\debug\main.nativecodeanalysis.xml
c:\users\evan\documents\repos\cop3003proj\debug\connectfour.nativecodeanalysis.sarif
c:\users\evan\documents\repos\cop3003proj\debug\connectfour.nativecodeanalysis.xml
c:\users\evan\documents\repos\cop3003proj\debug\connectfour.obj
c:\users\evan\documents\repos\cop3003proj\debug\main.obj
c:\users\evan\documents\repos\cop3003proj\debug\menu.obj
c:\users\evan\documents\repos\cop3003proj\debug\rockpaperscissors.obj
c:\users\evan\documents\repos\cop3003proj\debug\tictactoe.obj
c:\users\evan\documents\repos\cop3003proj\debug\cop3003proj.ilk
c:\users\evan\documents\repos\cop3003proj\debug\cop3003proj.exe
c:\users\evan\documents\repos\cop3003proj\debug\cop3003proj.pdb
c:\users\evan\documents\repos\cop3003proj\debug\vc.nativecodeanalysis.all.xml
c:\users\evan\documents\repos\cop3003proj\debug\cop3003proj.tlog\cl.command.1.tlog
c:\users\evan\documents\repos\cop3003proj\debug\cop3003proj.tlog\cl.read.1.tlog
c:\users\evan\documents\repos\cop3003proj\debug\cop3003proj.tlog\cl.write.1.tlog
c:\users\evan\documents\repos\cop3003proj\debug\cop3003proj.tlog\link.command.1.tlog
c:\users\evan\documents\repos\cop3003proj\debug\cop3003proj.tlog\link.read.1.tlog
c:\users\evan\documents\repos\cop3003proj\debug\cop3003proj.tlog\link.write.1.tlog
